[     377ms] [INFO] %cDownload the React DevTools for a better development experience: https://react.dev/link/react-devtools font-weight:bold @ http://localhost:3000/_next/static/chunks/node_modules_next_dist_1ybzpk2._.js:2477
[     583ms] [LOG] [HMR] connected @ http://localhost:3000/_next/static/chunks/node_modules_next_dist_1ybzpk2._.js:2477
[   60991ms] [ERROR] WebSocket connection to 'ws://localhost:3000/_next/webpack-hmr?id=5ua_Csfna_duLV0SHq3RC' failed: Error in connection establishment: net::ERR_CONNECTION_REFUSED @ http://localhost:3000/_next/static/chunks/node_modules_next_dist_client_0r5nbpw._.js:13422
[   62017ms] [ERROR] WebSocket connection to 'ws://localhost:3000/_next/webpack-hmr?id=5ua_Csfna_duLV0SHq3RC' failed: Error in connection establishment: net::ERR_CONNECTION_REFUSED @ http://localhost:3000/_next/static/chunks/node_modules_next_dist_client_0r5nbpw._.js:13422
[   63021ms] [ERROR] WebSocket connection to 'ws://localhost:3000/_next/webpack-hmr?id=5ua_Csfna_duLV0SHq3RC' failed: Error in connection establishment: net::ERR_CONNECTION_REFUSED @ http://localhost:3000/_next/static/chunks/node_modules_next_dist_client_0r5nbpw._.js:13422
[   64025ms] [ERROR] WebSocket connection to 'ws://localhost:3000/_next/webpack-hmr?id=5ua_Csfna_duLV0SHq3RC' failed: Error in connection establishment: net::ERR_CONNECTION_REFUSED @ http://localhost:3000/_next/static/chunks/node_modules_next_dist_client_0r5nbpw._.js:13422
[   65029ms] [ERROR] WebSocket connection to 'ws://localhost:3000/_next/webpack-hmr?id=5ua_Csfna_duLV0SHq3RC' failed: Error in connection establishment: net::ERR_CONNECTION_REFUSED @ http://localhost:3000/_next/static/chunks/node_modules_next_dist_client_0r5nbpw._.js:13422
[   70034ms] [ERROR] WebSocket connection to 'ws://localhost:3000/_next/webpack-hmr?id=5ua_Csfna_duLV0SHq3RC' failed: Error in connection establishment: net::ERR_CONNECTION_REFUSED @ http://localhost:3000/_next/static/chunks/node_modules_next_dist_client_0r5nbpw._.js:13422
[   75036ms] [ERROR] WebSocket connection to 'ws://localhost:3000/_next/webpack-hmr?id=5ua_Csfna_duLV0SHq3RC' failed: Error in connection establishment: net::ERR_CONNECTION_REFUSED @ http://localhost:3000/_next/static/chunks/node_modules_next_dist_client_0r5nbpw._.js:13422
[   80040ms] [ERROR] WebSocket connection to 'ws://localhost:3000/_next/webpack-hmr?id=5ua_Csfna_duLV0SHq3RC' failed: Error in connection establishment: net::ERR_CONNECTION_REFUSED @ http://localhost:3000/_next/static/chunks/node_modules_next_dist_client_0r5nbpw._.js:13422
[   85238ms] [LOG] [HMR] connected @ http://localhost:3000/_next/static/chunks/node_modules_next_dist_1ybzpk2._.js:2477
[   95314ms] [INFO] %cDownload the React DevTools for a better development experience: https://react.dev/link/react-devtools font-weight:bold @ http://localhost:3000/_next/static/chunks/node_modules_next_dist_1ybzpk2._.js:2477
[   97205ms] [LOG] [HMR] connected @ http://localhost:3000/_next/static/chunks/node_modules_next_dist_1ybzpk2._.js:2477
[   98154ms] [ERROR] Failed to load resource: net::ERR_CONNECTION_REFUSED @ http://localhost:3000/favicon.ico?favicon.2vob68tjqpejf.ico:0
[  100783ms] [ERROR] WebSocket connection to 'ws://localhost:3000/_next/webpack-hmr?id=rK0-twfdJbQMnT4KNO0nH' failed: Error in connection establishment: net::ERR_CONNECTION_REFUSED @ http://localhost:3000/_next/static/chunks/node_modules_next_dist_client_0r5nbpw._.js:13422
[  101932ms] [ERROR] WebSocket connection to 'ws://localhost:3000/_next/webpack-hmr?id=rK0-twfdJbQMnT4KNO0nH' failed: Error in connection establishment: net::ERR_CONNECTION_REFUSED @ http://localhost:3000/_next/static/chunks/node_modules_next_dist_client_0r5nbpw._.js:13422
[  104343ms] [ERROR] WebSocket connection to 'ws://localhost:3000/_next/webpack-hmr?id=rK0-twfdJbQMnT4KNO0nH' failed: Error in connection establishment: net::ERR_CONNECTION_REFUSED @ http://localhost:3000/_next/static/chunks/node_modules_next_dist_client_0r5nbpw._.js:13422
[  105356ms] [ERROR] WebSocket connection to 'ws://localhost:3000/_next/webpack-hmr?id=rK0-twfdJbQMnT4KNO0nH' failed: Error in connection establishment: net::ERR_CONNECTION_REFUSED @ http://localhost:3000/_next/static/chunks/node_modules_next_dist_client_0r5nbpw._.js:13422
[  106360ms] [ERROR] WebSocket connection to 'ws://localhost:3000/_next/webpack-hmr?id=rK0-twfdJbQMnT4KNO0nH' failed: Error in connection establishment: net::ERR_CONNECTION_REFUSED @ http://localhost:3000/_next/static/chunks/node_modules_next_dist_client_0r5nbpw._.js:13422
[  111363ms] [ERROR] WebSocket connection to 'ws://localhost:3000/_next/webpack-hmr?id=rK0-twfdJbQMnT4KNO0nH' failed: Error in connection establishment: net::ERR_CONNECTION_REFUSED @ http://localhost:3000/_next/static/chunks/node_modules_next_dist_client_0r5nbpw._.js:13422
[  116367ms] [ERROR] WebSocket connection to 'ws://localhost:3000/_next/webpack-hmr?id=rK0-twfdJbQMnT4KNO0nH' failed: Error in connection establishment: net::ERR_CONNECTION_REFUSED @ http://localhost:3000/_next/static/chunks/node_modules_next_dist_client_0r5nbpw._.js:13422
[  121371ms] [ERROR] WebSocket connection to 'ws://localhost:3000/_next/webpack-hmr?id=rK0-twfdJbQMnT4KNO0nH' failed: Error in connection establishment: net::ERR_CONNECTION_REFUSED @ http://localhost:3000/_next/static/chunks/node_modules_next_dist_client_0r5nbpw._.js:13422
